  [4;36;1mSQL (2.0ms)[0m   [0;1m SELECT name
 FROM sqlite_master
 WHERE type = 'table' AND NOT name = 'sqlite_sequence'
[0m
  [4;35;1mSQL (0.0ms)[0m   [0mselect sqlite_version(*)[0m
  [4;36;1mSQL (19.0ms)[0m   [0;1mCREATE TABLE "schema_migrations" ("version" varchar(255) NOT NULL) [0m
  [4;35;1mSQL (16.0ms)[0m   [0mCREATE UNIQUE INDEX "unique_schema_migrations" ON "schema_migrations" ("version")[0m
  [4;36;1mSQL (1.0ms)[0m   [0;1m SELECT name
 FROM sqlite_master
 WHERE type = 'table' AND NOT name = 'sqlite_sequence'
[0m
  [4;35;1mSQL (1.0ms)[0m   [0m SELECT name
 FROM sqlite_master
 WHERE type = 'table' AND NOT name = 'sqlite_sequence'
[0m
  [4;36;1mSQL (1.0ms)[0m   [0;1mSELECT version FROM schema_migrations[0m
  [4;35;1mSQL (0.0ms)[0m   [0m SELECT name
 FROM sqlite_master
 WHERE type = 'table' AND NOT name = 'sqlite_sequence'
[0m


Processing ExampleController#index (for 127.0.0.1 at 2010-03-23 11:08:17) [GET]
Rendering template within layouts/application
Rendering example/index
Completed in 7737ms (View: 7732, DB: 0) | 200 OK [http://localhost/]
  [4;36;1mSQL (2.0ms)[0m   [0;1m SELECT name
 FROM sqlite_master
 WHERE type = 'table' AND NOT name = 'sqlite_sequence'
[0m
  [4;35;1mSQL (1.0ms)[0m   [0mSELECT version FROM schema_migrations[0m
Migrating to CreatePosts (20100323183103)
  [4;36;1mSQL (1.0ms)[0m   [0;1mselect sqlite_version(*)[0m
  [4;35;1mSQL (5.0ms)[0m   [0mCREATE TABLE "posts" ("id" INTEGER PRIMARY KEY AUTOINCREMENT NOT NULL, "title" varchar(255), "body" text, "created_at" datetime, "updated_at" datetime) [0m
  [4;36;1mSQL (1.0ms)[0m   [0;1mINSERT INTO schema_migrations (version) VALUES ('20100323183103')[0m
  [4;35;1mSQL (1.0ms)[0m   [0m SELECT name
 FROM sqlite_master
 WHERE type = 'table' AND NOT name = 'sqlite_sequence'
[0m
  [4;36;1mSQL (1.0ms)[0m   [0;1mSELECT version FROM schema_migrations[0m
  [4;35;1mSQL (1.0ms)[0m   [0m SELECT name
 FROM sqlite_master
 WHERE type = 'table' AND NOT name = 'sqlite_sequence'
[0m
  [4;36;1mSQL (0.0ms)[0m   [0;1mPRAGMA index_list("posts")[0m


Processing ApplicationController#index (for 127.0.0.1 at 2010-03-23 11:32:48) [GET]

ActionController::RoutingError (No route matches "/post" with {:method=>:get}):
  <internal:prelude>:8:in `synchronize'
  C:/Users/Daniel/College/ruby/lib/ruby/1.9.1/webrick/httpserver.rb:111:in `service'
  C:/Users/Daniel/College/ruby/lib/ruby/1.9.1/webrick/httpserver.rb:70:in `run'
  C:/Users/Daniel/College/ruby/lib/ruby/1.9.1/webrick/server.rb:183:in `block in start_thread'

Rendering rescues/layout (not_found)


Processing ApplicationController#index (for 127.0.0.1 at 2010-03-23 11:33:05) [GET]

ActionController::RoutingError (No route matches "/post" with {:method=>:get}):
  <internal:prelude>:8:in `synchronize'
  C:/Users/Daniel/College/ruby/lib/ruby/1.9.1/webrick/httpserver.rb:111:in `service'
  C:/Users/Daniel/College/ruby/lib/ruby/1.9.1/webrick/httpserver.rb:70:in `run'
  C:/Users/Daniel/College/ruby/lib/ruby/1.9.1/webrick/server.rb:183:in `block in start_thread'

Rendering rescues/layout (not_found)


Processing PostsController#index (for 127.0.0.1 at 2010-03-23 11:33:23) [GET]

NameError (uninitialized constant PostsController::Post):
  app/controllers/posts_controller.rb:5:in `index'
  haml (2.2.16) [v] lib/sass/plugin/rails.rb:19:in `process'
  compass (0.8.17) [v] lib/compass/app_integration/rails/action_controller.rb:7:in `process_with_compass'
  <internal:prelude>:8:in `synchronize'
  C:/Users/Daniel/College/ruby/lib/ruby/1.9.1/webrick/httpserver.rb:111:in `service'
  C:/Users/Daniel/College/ruby/lib/ruby/1.9.1/webrick/httpserver.rb:70:in `run'
  C:/Users/Daniel/College/ruby/lib/ruby/1.9.1/webrick/server.rb:183:in `block in start_thread'

Rendered rescues/_trace (300.0ms)
Rendered rescues/_request_and_response (6.0ms)
Rendering rescues/layout (internal_server_error)


Processing PostsController#index (for 127.0.0.1 at 2010-03-23 11:35:18) [GET]
  [4;36;1mPost Load (2.0ms)[0m   [0;1mSELECT * FROM "posts" [0m
Rendering template within layouts/posts
Rendering posts/index
Completed in 678ms (View: 634, DB: 2) | 200 OK [http://localhost/posts]


Processing PostsController#new (for 127.0.0.1 at 2010-03-23 11:35:26) [GET]
Rendering template within layouts/posts
Rendering posts/new
Completed in 8210ms (View: 8166, DB: 0) | 200 OK [http://localhost/posts/new]


Processing PostsController#create (for 127.0.0.1 at 2010-03-23 11:36:02) [POST]
  Parameters: {"authenticity_token"=>"xBbLaP2y7nlU5tPU2JGEWZafmnHYKBkdohyjYsBnSmA=", "post"=>{"title"=>"whatever", "body"=>"hello there."}, "commit"=>"Create"}
  [4;35;1mPost Create (4.0ms)[0m   [0mINSERT INTO "posts" ("title", "body", "created_at", "updated_at") VALUES('whatever', 'hello there.', '2010-03-23 18:36:02', '2010-03-23 18:36:02')[0m
Redirected to http://localhost:3000/posts/1
Completed in 113ms (DB: 4) | 302 Found [http://localhost/posts]


Processing PostsController#show (for 127.0.0.1 at 2010-03-23 11:36:03) [GET]
  Parameters: {"id"=>"1"}
  [4;36;1mPost Load (2.0ms)[0m   [0;1mSELECT * FROM "posts" WHERE ("posts"."id" = 1) [0m
Rendering template within layouts/posts
Rendering posts/show
Completed in 147ms (View: 79, DB: 2) | 200 OK [http://localhost/posts/1]


Processing PagesController#index (for 127.0.0.1 at 2010-03-25 11:16:20) [GET]
  Parameters: {"page"=>"work"}
Rendering template within layouts/pages
Rendered pages/_work (4.0ms)
Completed in 9274ms (View: 9270, DB: 0) | 200 OK [http://localhost/work]


Processing PagesController#index (for 127.0.0.1 at 2010-03-25 11:17:40) [GET]
  Parameters: {"page"=>"work"}
Rendering template within layouts/pages
Rendered pages/_work (6.0ms)
Completed in 77ms (View: 69, DB: 0) | 200 OK [http://localhost/work]


Processing PagesController#index (for 127.0.0.1 at 2010-03-25 11:18:50) [GET]
  Parameters: {"page"=>"contact"}
Rendering template within layouts/pages
Rendered pages/_contact (5.0ms)
Completed in 47ms (View: 43, DB: 0) | 200 OK [http://localhost/contact]


Processing PagesController#index (for 127.0.0.1 at 2010-03-25 11:21:23) [GET]
  Parameters: {"page"=>"contact"}
Rendering template within layouts/pages
Rendered pages/_contact (1.0ms)
Completed in 17ms (View: 12, DB: 0) | 200 OK [http://localhost/contact]


Processing PagesController#index (for 127.0.0.1 at 2010-03-25 11:22:31) [GET]
  Parameters: {"page"=>"home"}
Rendering template within layouts/pages
Rendered pages/_home (6.0ms)
Completed in 65ms (View: 59, DB: 0) | 200 OK [http://localhost/home]


Processing PagesController#index (for 127.0.0.1 at 2010-03-25 11:22:59) [GET]
  Parameters: {"page"=>"home"}
Rendering template within layouts/pages
Rendered pages/_home (29.0ms)
Completed in 91ms (View: 84, DB: 0) | 200 OK [http://localhost/home]


Processing PagesController#index (for 127.0.0.1 at 2010-03-25 11:26:55) [GET]
  Parameters: {"page"=>"home"}
Rendering template within layouts/pages
Rendered pages/_home (5.0ms)
Completed in 57ms (View: 50, DB: 0) | 200 OK [http://localhost/home]


Processing PagesController#index (for 127.0.0.1 at 2010-03-25 11:27:07) [GET]
  Parameters: {"page"=>"home"}
Rendering template within layouts/pages
Rendered pages/_home (71.0ms)
Completed in 291ms (View: 145, DB: 0) | 200 OK [http://localhost/home]


Processing PagesController#index (for 127.0.0.1 at 2010-03-25 11:27:22) [GET]
  Parameters: {"page"=>"home"}
Rendering template within layouts/pages
Rendered pages/_home (40.0ms)
Completed in 125ms (View: 116, DB: 0) | 200 OK [http://localhost/home]


Processing PagesController#index (for 127.0.0.1 at 2010-03-25 11:29:28) [GET]
  Parameters: {"page"=>"home"}
Rendering template within layouts/pages
Rendered pages/_home (7.0ms)
Completed in 75ms (View: 67, DB: 0) | 200 OK [http://localhost/home]


Processing ApplicationController#index (for 127.0.0.1 at 2010-03-25 11:29:30) [GET]

ActionController::RoutingError (No route matches "/images/razer.jpg" with {:method=>:get}):
  <internal:prelude>:8:in `synchronize'
  C:/Users/Daniel/College/Ruby19/lib/ruby/1.9.1/webrick/httpserver.rb:111:in `service'
  C:/Users/Daniel/College/Ruby19/lib/ruby/1.9.1/webrick/httpserver.rb:70:in `run'
  C:/Users/Daniel/College/Ruby19/lib/ruby/1.9.1/webrick/server.rb:183:in `block in start_thread'

Rendering rescues/layout (not_found)


Processing PagesController#index (for 127.0.0.1 at 2010-03-25 11:30:15) [GET]
  Parameters: {"page"=>"home"}
Rendering template within layouts/pages
Rendered pages/_home (8.0ms)
Completed in 90ms (View: 80, DB: 0) | 200 OK [http://localhost/home]


Processing PagesController#index (for 127.0.0.1 at 2010-03-25 11:31:08) [GET]
  Parameters: {"page"=>"home"}
Rendering template within layouts/pages
Rendered pages/_home (25.0ms)
Completed in 82ms (View: 76, DB: 0) | 200 OK [http://localhost/home]


Processing PagesController#index (for 127.0.0.1 at 2010-03-25 11:32:39) [GET]
  Parameters: {"page"=>"home"}
Rendering template within layouts/pages
Rendered pages/_home (9.0ms)
Completed in 79ms (View: 75, DB: 0) | 200 OK [http://localhost/home]


Processing PagesController#index (for 127.0.0.1 at 2010-03-25 11:33:30) [GET]
  Parameters: {"page"=>"home"}
Rendering template within layouts/pages
Rendered pages/_home (15.0ms)
Completed in 83ms (View: 77, DB: 0) | 200 OK [http://localhost/home]


Processing PagesController#index (for 127.0.0.1 at 2010-03-25 11:42:34) [GET]
  Parameters: {"page"=>"home"}
Rendering template within layouts/pages
Rendered pages/_home (14.0ms)
Completed in 68ms (View: 63, DB: 0) | 200 OK [http://localhost/home]


Processing PagesController#index (for 127.0.0.1 at 2010-03-25 11:42:59) [GET]
  Parameters: {"page"=>"home"}
Rendering template within layouts/pages
Rendered pages/_home (18.0ms)
Completed in 156ms (View: 120, DB: 0) | 200 OK [http://localhost/home]


Processing PagesController#index (for 127.0.0.1 at 2010-03-25 11:43:34) [GET]
  Parameters: {"page"=>"home"}
Rendering template within layouts/pages
Rendered pages/_home (37.0ms)
Completed in 126ms (View: 120, DB: 0) | 200 OK [http://localhost/home]


Processing PagesController#index (for 127.0.0.1 at 2010-03-25 11:43:57) [GET]
  Parameters: {"page"=>"home"}
Rendering template within layouts/pages
Rendered pages/_home (67.0ms)
Completed in 165ms (View: 157, DB: 0) | 200 OK [http://localhost/home]


Processing PagesController#index (for 127.0.0.1 at 2010-03-25 11:44:56) [GET]
  Parameters: {"page"=>"home"}
Rendering template within layouts/pages
Rendered pages/_home (18.0ms)
Completed in 88ms (View: 84, DB: 0) | 200 OK [http://localhost/home]


Processing PagesController#index (for 127.0.0.1 at 2010-03-25 11:45:42) [GET]
  Parameters: {"page"=>"home"}
Rendering template within layouts/pages
Rendered pages/_home (14.0ms)
Completed in 57ms (View: 53, DB: 0) | 200 OK [http://localhost/home]


Processing PagesController#index (for 127.0.0.1 at 2010-03-25 11:46:49) [GET]
  Parameters: {"page"=>"home"}
Rendering template within layouts/pages
Rendered pages/_home (44.0ms)
Completed in 119ms (View: 113, DB: 0) | 200 OK [http://localhost/home]


Processing PagesController#index (for 127.0.0.1 at 2010-03-25 11:47:20) [GET]
  Parameters: {"page"=>"home"}
Rendering template within layouts/pages
Rendered pages/_home (68.0ms)
Completed in 163ms (View: 156, DB: 0) | 200 OK [http://localhost/home]
